<?xml version="1.0" encoding="utf-8" standalone="no"?>
<test-results xmlns:xsi="http://www.w3.org/2001/XMLSchema-instance" xsi:noNamespaceSchemaLocation="nunit_schema_2.5.xsd" name="Pester" total="637" errors="0" failures="89" not-run="0" inconclusive="0" ignored="0" skipped="6" invalid="0" date="2026-05-29" time="18:53:31">
  <environment nunit-version="2.5.8.0" platform="Microsoft Windows 11 Pro Insider Preview|C:\WINDOWS|\Device\Harddisk0\Partition3" clr-version="10.0.8" user-domain="DESKTOP-MSI" cwd="C:\Users\jimmy\Documents\PowerShell" user="jimmy" os-version="10.0.29599" machine-name="DESKTOP-MSI" />
  <culture-info current-culture="en-US" current-uiculture="en-US" />
  <test-suite type="TestFixture" name="Pester" executed="True" result="Failure" success="False" time="100.5641" asserts="0" description="Pester">
    <results>
      <test-suite type="TestFixture" name="C:\Users\jimmy\Documents\PowerShell\Tests\System\Defender.Tests.ps1" executed="True" result="Ignored" success="True" time="0.6702" asserts="0" description="C:\Users\jimmy\Documents\PowerShell\Tests\System\Defender.Tests.ps1">
        <results>
          <test-suite type="TestFixture" name="Windows Defender Checks" executed="True" result="Ignored" success="True" time="0.0952" asserts="0" description="Windows Defender Checks">
            <results>
              <test-case description="Checks Defender Exclusions Exist for Paths" name="Windows Defender Checks.Checks Defender Exclusions Exist for Paths" time="0.0385" asserts="0" success="False" result="Ignored" executed="False" />
              <test-case description="Checks Defender Exclusions Exist for Extensions" name="Windows Defender Checks.Checks Defender Exclusions Exist for Extensions" time="0.0026" asserts="0" success="False" result="Ignored" executed="False" />
              <test-case description="Checks Defender Exclusions Exist for Programs" name="Windows Defender Checks.Checks Defender Exclusions Exist for Programs" time="0.0042" asserts="0" success="False" result="Ignored" executed="False" />
            </results>
          </test-suite>
        </results>
      </test-suite>
      <test-suite type="TestFixture" name="C:\Users\jimmy\Documents\PowerShell\Tests\System\Explorer.Tests.ps1" executed="True" result="Success" success="True" time="0.1997" asserts="0" description="C:\Users\jimmy\Documents\PowerShell\Tests\System\Explorer.Tests.ps1">
        <results>
          <test-suite type="TestFixture" name="Windows File Explorer Configuration and Setup" executed="True" result="Success" success="True" time="0.125" asserts="0" description="Windows File Explorer Configuration and Setup">
            <results>
              <test-case description="Checks that File Explorer registry path exists" name="Windows File Explorer Configuration and Setup.Checks that File Explorer registry path exists" time="0.0852" asserts="0" success="True" result="Success" executed="True" />
              <test-case description="Checks that File Explorer is set to open new &quot;Home&quot; by default" name="Windows File Explorer Configuration and Setup.Checks that File Explorer is set to open new &quot;Home&quot; by default" time="0.0143" asserts="0" success="True" result="Success" executed="True" />
              <test-case description="Checks that hidden files are shown" name="Windows File Explorer Configuration and Setup.Checks that hidden files are shown" time="0.0077" asserts="0" success="True" result="Success" executed="True" />
              <test-case description="Checks that file extensions are shown" name="Windows File Explorer Configuration and Setup.Checks that file extensions are shown" time="0.0122" asserts="0" success="True" result="Success" executed="True" />
            </results>
          </test-suite>
        </results>
      </test-suite>
      <test-suite type="TestFixture" name="C:\Users\jimmy\Documents\PowerShell\Tests\System\Git.Tests.ps1" executed="True" result="Failure" success="False" time="0.8795" asserts="0" description="C:\Users\jimmy\Documents\PowerShell\Tests\System\Git.Tests.ps1">
        <results>
          <test-suite type="TestFixture" name="Testing Git Configuration Values" executed="True" result="Failure" success="False" time="0.7978" asserts="0" description="Testing Git Configuration Values">
            <results>
              <test-case description="Checks a global git configuration file exists" name="Testing Git Configuration Values.Checks a global git configuration file exists" time="0.0226" asserts="0" success="True" result="Success" executed="True" />
              <test-case description="Checks that user.email is set and valid" name="Testing Git Configuration Values.Checks that user.email is set and valid" time="0.1549" asserts="0" success="True" result="Success" executed="True" />
              <test-case description="Checks that init.defaultBranch is set and is &quot;main&quot;" name="Testing Git Configuration Values.Checks that init.defaultBranch is set and is &quot;main&quot;" time="0.1648" asserts="0" success="False" result="Failure" executed="True">
                <failure>
                  <message>Expected 'main', but got $null.</message>
                  <stack-trace>at $Test_DefaultMain | Should -Be 'main', C:\Users\jimmy\Documents\PowerShell\Tests\System\Git.Tests.ps1:58
at &lt;ScriptBlock&gt;, C:\Users\jimmy\Documents\PowerShell\Tests\System\Git.Tests.ps1:58</stack-trace>
                </failure>
              </test-case>
              <test-case description="Checks that gpg.program is set and is a valid executable" name="Testing Git Configuration Values.Checks that gpg.program is set and is a valid executable" time="0.0971" asserts="0" success="False" result="Failure" executed="True">
                <failure>
                  <message>Expected a value, but got $null or empty.</message>
                  <stack-trace>at $Test_GPGProgram | Should -Not -BeNullOrEmpty, C:\Users\jimmy\Documents\PowerShell\Tests\System\Git.Tests.ps1:63
at &lt;ScriptBlock&gt;, C:\Users\jimmy\Documents\PowerShell\Tests\System\Git.Tests.ps1:63</stack-trace>
                </failure>
              </test-case>
              <test-case description="Checks that user.signingkey is set" name="Testing Git Configuration Values.Checks that user.signingkey is set" time="0.1109" asserts="0" success="False" result="Failure" executed="True">
                <failure>
                  <message>Expected a value, but got $null or empty.</message>
                  <stack-trace>at $Test_SigningKey | Should -Not -BeNullOrEmpty, C:\Users\jimmy\Documents\PowerShell\Tests\System\Git.Tests.ps1:69
at &lt;ScriptBlock&gt;, C:\Users\jimmy\Documents\PowerShell\Tests\System\Git.Tests.ps1:69</stack-trace>
                </failure>
              </test-case>
              <test-case description="Checks that commit.gpgSign is set" name="Testing Git Configuration Values.Checks that commit.gpgSign is set" time="0.1186" asserts="0" success="False" result="Failure" executed="True">
                <failure>
                  <message>Expected 'true', but got $null.</message>
                  <stack-trace>at $Test_CommitSigning | Should -Be 'true', C:\Users\jimmy\Documents\PowerShell\Tests\System\Git.Tests.ps1:74
at &lt;ScriptBlock&gt;, C:\Users\jimmy\Documents\PowerShell\Tests\System\Git.Tests.ps1:74</stack-trace>
                </failure>
              </test-case>
              <test-case description="Checks that tag.forceSignAnnotated is set" name="Testing Git Configuration Values.Checks that tag.forceSignAnnotated is set" time="0.1229" asserts="0" success="False" result="Failure" executed="True">
                <failure>
                  <message>Expected 'true', but got $null.</message>
                  <stack-trace>at $Test_TagSigning | Should -Be 'true', C:\Users\jimmy\Documents\PowerShell\Tests\System\Git.Tests.ps1:79
at &lt;ScriptBlock&gt;, C:\Users\jimmy\Documents\PowerShell\Tests\System\Git.Tests.ps1:79</stack-trace>
                </failure>
              </test-case>
            </results>
          </test-suite>
        </results>
      </test-suite>
      <test-suite type="TestFixture" name="C:\Users\jimmy\Documents\PowerShell\Tests\System\InstalledApps.Tests.ps1" executed="True" result="Success" success="True" time="0.2211" asserts="0" description="C:\Users\jimmy\Documents\PowerShell\Tests\System\InstalledApps.Tests.ps1">
        <results>
          <test-suite type="TestFixture" name="Installed Applications" executed="True" result="Success" success="True" time="0.1392" asserts="0" description="Installed Applications">
            <results>
              <test-case description="Checks that Git is installed" name="Installed Applications.Checks that Git is installed" time="0.0285" asserts="0" success="True" result="Success" executed="True" />
              <test-case description="Checks that Node.js is installed" name="Installed Applications.Checks that Node.js is installed" time="0.0151" asserts="0" success="True" result="Success" executed="True" />
              <test-case description="Checks that npm is installed" name="Installed Applications.Checks that npm is installed" time="0.0148" asserts="0" success="True" result="Success" executed="True" />
              <test-case description="Checks that Python is installed" name="Installed Applications.Checks that Python is installed" time="0.0156" asserts="0" success="True" result="Success" executed="True" />
              <test-case description="Checks that Docker is installed" name="Installed Applications.Checks that Docker is installed" time="0.0266" asserts="0" success="True" result="Success" executed="True" />
              <test-case description="Checks that Visual Studio Code is installed" name="Installed Applications.Checks that Visual Studio Code is installed" time="0.0215" asserts="0" success="True" result="Success" executed="True" />
            </results>
          </test-suite>
        </results>
      </test-suite>
      <test-suite type="TestFixture" name="C:\Users\jimmy\Documents\PowerShell\Tests\System\InstalledModules.Tests.ps1" executed="True" result="Failure" success="False" time="0.6711" asserts="0" description="C:\Users\jimmy\Documents\PowerShell\Tests\System\InstalledModules.Tests.ps1">
        <results>
          <test-suite type="TestFixture" name="Installed PowerShell Modules" executed="True" result="Failure" success="False" time="0.5755" asserts="0" description="Installed PowerShell Modules">
            <results>
              <test-suite type="ParameterizedTest" name="Installed PowerShell Modules.Checks that the &lt;ModuleName&gt; module is installed" executed="True" result="Failure" success="False" time="0.5677" asserts="0" description="Checks that the &lt;ModuleName&gt; module is installed">
                <results>
                  <test-case description="Checks that the  module is installed" name="Installed PowerShell Modules.Checks that the  module is installed" time="0.3326" asserts="0" success="False" result="Failure" executed="True">
                    <failure>
                      <message>Expected a value, but got $null or empty.</message>
                      <stack-trace>at Get-InstalledPSResource -Name $_ | Should -Not -BeNullOrEmpty, C:\Users\jimmy\Documents\PowerShell\Tests\System\InstalledModules.Tests.ps1:39
at &lt;ScriptBlock&gt;, C:\Users\jimmy\Documents\PowerShell\Tests\System\InstalledModules.Tests.ps1:39</stack-trace>
                    </failure>
                  </test-case>
                  <test-case description="Checks that the  module is installed" name="Installed PowerShell Modules.Checks that the  module is installed" time="0.0084" asserts="0" success="False" result="Failure" executed="True">
                    <failure>
                      <message>Expected a value, but got $null or empty.</message>
                      <stack-trace>at Get-InstalledPSResource -Name $_ | Should -Not -BeNullOrEmpty, C:\Users\jimmy\Documents\PowerShell\Tests\System\InstalledModules.Tests.ps1:39
at &lt;ScriptBlock&gt;, C:\Users\jimmy\Documents\PowerShell\Tests\System\InstalledModules.Tests.ps1:39</stack-trace>
                    </failure>
                  </test-case>
                  <test-case description="Checks that the  module is installed" name="Installed PowerShell Modules.Checks that the  module is installed" time="0.0166" asserts="0" success="True" result="Success" executed="True" />
                  <test-case description="Checks that the  module is installed" name="Installed PowerShell Modules.Checks that the  module is installed" time="0.0117" asserts="0" success="False" result="Failure" executed="True">
                    <failure>
                      <message>Expected a value, but got $null or empty.</message>
                      <stack-trace>at Get-InstalledPSResource -Name $_ | Should -Not -BeNullOrEmpty, C:\Users\jimmy\Documents\PowerShell\Tests\System\InstalledModules.Tests.ps1:39
at &lt;ScriptBlock&gt;, C:\Users\jimmy\Documents\PowerShell\Tests\System\InstalledModules.Tests.ps1:39</stack-trace>
                    </failure>
                  </test-case>
                  <test-case description="Checks that the  module is installed" name="Installed PowerShell Modules.Checks that the  module is installed" time="0.0122" asserts="0" success="True" result="Success" executed="True" />
                  <test-case description="Checks that the  module is installed" name="Installed PowerShell Modules.Checks that the  module is installed" time="0.0094" asserts="0" success="False" result="Failure" executed="True">
                    <failure>
                      <message>Expected a value, but got $null or empty.</message>
                      <stack-trace>at Get-InstalledPSResource -Name $_ | Should -Not -BeNullOrEmpty, C:\Users\jimmy\Documents\PowerShell\Tests\System\InstalledModules.Tests.ps1:39
at &lt;ScriptBlock&gt;, C:\Users\jimmy\Documents\PowerShell\Tests\System\InstalledModules.Tests.ps1:39</stack-trace>
                    </failure>
                  </test-case>
                  <test-case description="Checks that the  module is installed" name="Installed PowerShell Modules.Checks that the  module is installed" time="0.009" asserts="0" success="False" result="Failure" executed="True">
                    <failure>
                      <message>Expected a value, but got $null or empty.</message>
                      <stack-trace>at Get-InstalledPSResource -Name $_ | Should -Not -BeNullOrEmpty, C:\Users\jimmy\Documents\PowerShell\Tests\System\InstalledModules.Tests.ps1:39
at &lt;ScriptBlock&gt;, C:\Users\jimmy\Documents\PowerShell\Tests\System\InstalledModules.Tests.ps1:39</stack-trace>
                    </failure>
                  </test-case>
                  <test-case description="Checks that the  module is installed" name="Installed PowerShell Modules.Checks that the  module is installed" time="0.0052" asserts="0" success="True" result="Success" executed="True" />
                  <test-case description="Checks that the  module is installed" name="Installed PowerShell Modules.Checks that the  module is installed" time="0.0117" asserts="0" success="False" result="Failure" executed="True">
                    <failure>
                      <message>Expected a value, but got $null or empty.</message>
                      <stack-trace>at Get-InstalledPSResource -Name $_ | Should -Not -BeNullOrEmpty, C:\Users\jimmy\Documents\PowerShell\Tests\System\InstalledModules.Tests.ps1:39
at &lt;ScriptBlock&gt;, C:\Users\jimmy\Documents\PowerShell\Tests\System\InstalledModules.Tests.ps1:39</stack-trace>
                    </failure>
                  </test-case>
                  <test-case description="Checks that the  module is installed" name="Installed PowerShell Modules.Checks that the  module is installed" time="0.0063" asserts="0" success="True" result="Success" executed="True" />
                  <test-case description="Checks that the  module is installed" name="Installed PowerShell Modules.Checks that the  module is installed" time="0.0088" asserts="0" success="False" result="Failure" executed="True">
                    <failure>
                      <message>Expected a value, but got $null or empty.</message>
                      <stack-trace>at Get-InstalledPSResource -Name $_ | Should -Not -BeNullOrEmpty, C:\Users\jimmy\Documents\PowerShell\Tests\System\InstalledModules.Tests.ps1:39
at &lt;ScriptBlock&gt;, C:\Users\jimmy\Documents\PowerShell\Tests\System\InstalledModules.Tests.ps1:39</stack-trace>
                    </failure>
                  </test-case>
                  <test-case description="Checks that the  module is installed" name="Installed PowerShell Modules.Checks that the  module is installed" time="0.0073" asserts="0" success="True" result="Success" executed="True" />
                  <test-case description="Checks that the  module is installed" name="Installed PowerShell Modules.Checks that the  module is installed" time="0.0159" asserts="0" success="True" result="Success" executed="True" />
                  <test-case description="Checks that the  module is installed" name="Installed PowerShell Modules.Checks that the  module is installed" time="0.007" asserts="0" success="True" result="Success" executed="True" />
                  <test-case description="Checks that the  module is installed" name="Installed PowerShell Modules.Checks that the  module is installed" time="0.0126" asserts="0" success="False" result="Failure" executed="True">
                    <failure>
                      <message>Expected a value, but got $null or empty.</message>
                      <stack-trace>at Get-InstalledPSResource -Name $_ | Should -Not -BeNullOrEmpty, C:\Users\jimmy\Documents\PowerShell\Tests\System\InstalledModules.Tests.ps1:39
at &lt;ScriptBlock&gt;, C:\Users\jimmy\Documents\PowerShell\Tests\System\InstalledModules.Tests.ps1:39</stack-trace>
                    </failure>
                  </test-case>
                  <test-case description="Checks that the  module is installed" name="Installed PowerShell Modules.Checks that the  module is installed" time="0.0206" asserts="0" success="False" result="Failure" executed="True">
                    <failure>
                      <message>Expected a value, but got $null or empty.</message>
                      <stack-trace>at Get-InstalledPSResource -Name $_ | Should -Not -BeNullOrEmpty, C:\Users\jimmy\Documents\PowerShell\Tests\System\InstalledModules.Tests.ps1:39
at &lt;ScriptBlock&gt;, C:\Users\jimmy\Documents\PowerShell\Tests\System\InstalledModules.Tests.ps1:39</stack-trace>
                    </failure>
                  </test-case>
                  <test-case description="Checks that the  module is installed" name="Installed PowerShell Modules.Checks that the  module is installed" time="0.0115" asserts="0" success="True" result="Success" executed="True" />
                  <test-case description="Checks that the  module is installed" name="Installed PowerShell Modules.Checks that the  module is installed" time="0.0072" asserts="0" success="True" result="Success" executed="True" />
                  <test-case description="Checks that the  module is installed" name="Installed PowerShell Modules.Checks that the  module is installed" time="0.0088" asserts="0" success="True" result="Success" executed="True" />
                  <test-case description="Checks that the  module is installed" name="Installed PowerShell Modules.Checks that the  module is installed" time="0.0115" asserts="0" success="True" result="Success" executed="True" />
                  <test-case description="Checks that the  module is installed" name="Installed PowerShell Modules.Checks that the  module is installed" time="0.0082" asserts="0" success="True" result="Success" executed="True" />
                  <test-case description="Checks that the  module is installed" name="Installed PowerShell Modules.Checks that the  module is installed" time="0.0091" asserts="0" success="True" result="Success" executed="True" />
                  <test-case description="Checks that the  module is installed" name="Installed PowerShell Modules.Checks that the  module is installed" time="0.0073" asserts="0" success="True" result="Success" executed="True" />
                  <test-case description="Checks that the  module is installed" name="Installed PowerShell Modules.Checks that the  module is installed" time="0.0088" asserts="0" success="True" result="Success" executed="True" />
                </results>
              </test-suite>
            </results>
          </test-suite>
        </results>
      </test-suite>
      <test-suite type="TestFixture" name="C:\Users\jimmy\Documents\PowerShell\Tests\System\Network.Tests.ps1" executed="True" result="Failure" success="False" time="1.4067" asserts="0" description="C:\Users\jimmy\Documents\PowerShell\Tests\System\Network.Tests.ps1">
        <results>
          <test-suite type="TestFixture" name="PowerShell Networking Tests" executed="True" result="Failure" success="False" time="1.3159" asserts="0" description="PowerShell Networking Tests">
            <results>
              <test-suite type="TestFixture" name="PowerShell Networking Tests.Intel Killer Networking Services" executed="True" result="Failure" success="False" time="1.3046" asserts="0" description="PowerShell Networking Tests.Intel Killer Networking Services">
                <results>
                  <test-case description="Connects to a Killer-affected CloudFront service over IPv6" name="PowerShell Networking Tests.Intel Killer Networking Services.Connects to a Killer-affected CloudFront service over IPv6" time="0.2473" asserts="0" success="True" result="Success" executed="True" />
                  <test-suite type="ParameterizedTest" name="PowerShell Networking Tests.Intel Killer Networking Services.Stops the '&lt;_&gt;' service and sets it to a Manual startup type" executed="True" result="Failure" success="False" time="0.0817" asserts="0" description="Stops the '&lt;_&gt;' service and sets it to a Manual startup type">
                    <results>
                      <test-case description="Stops the 'KAPSService' service and sets it to a Manual startup type" name="PowerShell Networking Tests.Intel Killer Networking Services.Stops the 'KAPSService' service and sets it to a Manual startup type" time="0.0226" asserts="0" success="True" result="Success" executed="True" />
                      <test-case description="Stops the 'Killer Analytics Service' service and sets it to a Manual startup type" name="PowerShell Networking Tests.Intel Killer Networking Services.Stops the 'Killer Analytics Service' service and sets it to a Manual startup type" time="0.0279" asserts="0" success="False" result="Failure" executed="True">
                        <failure>
                          <message>Expected 'Manual', because Killer services must not start automatically on boot, but got Automatic.</message>
                          <stack-trace>at $Service.StartType | Should -Be 'Manual' -Because 'Killer services must not start automatically on boot', C:\Users\jimmy\Documents\PowerShell\Tests\System\Network.Tests.ps1:178
at &lt;ScriptBlock&gt;, C:\Users\jimmy\Documents\PowerShell\Tests\System\Network.Tests.ps1:178</stack-trace>
                        </failure>
                      </test-case>
                      <test-case description="Stops the 'Killer Network Service' service and sets it to a Manual startup type" name="PowerShell Networking Tests.Intel Killer Networking Services.Stops the 'Killer Network Service' service and sets it to a Manual startup type" time="0.0123" asserts="0" success="False" result="Failure" executed="True">
                        <failure>
                          <message>Expected 'Manual', because Killer services must not start automatically on boot, but got Automatic.</message>
                          <stack-trace>at $Service.StartType | Should -Be 'Manual' -Because 'Killer services must not start automatically on boot', C:\Users\jimmy\Documents\PowerShell\Tests\System\Network.Tests.ps1:178
at &lt;ScriptBlock&gt;, C:\Users\jimmy\Documents\PowerShell\Tests\System\Network.Tests.ps1:178</stack-trace>
                        </failure>
                      </test-case>
                      <test-case description="Stops the 'Killer Provider Data Helper Service' service and sets it to a Manual startup type" name="PowerShell Networking Tests.Intel Killer Networking Services.Stops the 'Killer Provider Data Helper Service' service and sets it to a Manual startup type" time="0.0106" asserts="0" success="False" result="Failure" executed="True">
                        <failure>
                          <message>Expected 'Manual', because Killer services must not start automatically on boot, but got Automatic.</message>
                          <stack-trace>at $Service.StartType | Should -Be 'Manual' -Because 'Killer services must not start automatically on boot', C:\Users\jimmy\Documents\PowerShell\Tests\System\Network.Tests.ps1:178
at &lt;ScriptBlock&gt;, C:\Users\jimmy\Documents\PowerShell\Tests\System\Network.Tests.ps1:178</stack-trace>
                        </failure>
                      </test-case>
                      <test-case description="Stops the 'KNDBWM' service and sets it to a Manual startup type" name="PowerShell Networking Tests.Intel Killer Networking Services.Stops the 'KNDBWM' service and sets it to a Manual startup type" time="0.0083" asserts="0" success="True" result="Success" executed="True" />
                    </results>
                  </test-suite>
                </results>
              </test-suite>
              <test-case description="Checks internet connection from a powershell shell" name="PowerShell Networking Tests.Checks internet connection from a powershell shell" time="0.0488" asserts="0" success="True" result="Success" executed="True" />
              <test-case description="Checks that TLS 1.2 is on system" name="PowerShell Networking Tests.Checks that TLS 1.2 is on system" time="0.0051" asserts="0" success="True" result="Success" executed="True" />
              <test-case description="Checks that TLS 1.2 is available" name="PowerShell Networking Tests.Checks that TLS 1.2 is available" time="0.0095" asserts="0" success="True" result="Success" executed="True" />
              <test-case description="Checks that TLS 1.3 is available" name="PowerShell Networking Tests.Checks that TLS 1.3 is available" time="0.0036" asserts="0" success="True" result="Success" executed="True" />
              <test-case description="Checks that TLS 1.1 is not available" name="PowerShell Networking Tests.Checks that TLS 1.1 is not available" time="0.0034" asserts="0" success="True" result="Success" executed="True" />
              <test-case description="Checks that TLS 1.0 is not available" name="PowerShell Networking Tests.Checks that TLS 1.0 is not available" time="0.0026" asserts="0" success="True" result="Success" executed="True" />
              <test-case description="Checks that SSL 3.0 is not available" name="PowerShell Networking Tests.Checks that SSL 3.0 is not available" time="0.0026" asserts="0" success="True" result="Success" executed="True" />
              <test-case description="Checks that TLS 1.2 is default" name="PowerShell Networking Tests.Checks that TLS 1.2 is default" time="0.0093" asserts="0" success="False" result="Failure" executed="True">
                <failure>
                  <message>Expected 'SystemDefault', but got Tls12, Tls13.</message>
                  <stack-trace>at [Net.ServicePointManager]::SecurityProtocol | Should -Be 'SystemDefault', C:\Users\jimmy\Documents\PowerShell\Tests\System\Network.Tests.ps1:66
at &lt;ScriptBlock&gt;, C:\Users\jimmy\Documents\PowerShell\Tests\System\Network.Tests.ps1:66</stack-trace>
                </failure>
              </test-case>
              <test-case description="Checks EncryptionPolicy" name="PowerShell Networking Tests.Checks EncryptionPolicy" time="0.0071" asserts="0" success="True" result="Success" executed="True" />
              <test-case description="Checks DefaultConnectionLimit" name="PowerShell Networking Tests.Checks DefaultConnectionLimit" time="0.0065" asserts="0" success="True" result="Success" executed="True" />
              <test-case description="Checks for Registry Keys for .NET Framework Version 4+ for Strong Cryptography (64bit)" name="PowerShell Networking Tests.Checks for Registry Keys for .NET Framework Version 4+ for Strong Cryptography (64bit)" time="0.0094" asserts="0" success="True" result="Success" executed="True" />
              <test-case description="Checks for Registry Keys for .NET Framework Version 4+ for Strong Cryptography (32bit)" name="PowerShell Networking Tests.Checks for Registry Keys for .NET Framework Version 4+ for Strong Cryptography (32bit)" time="0.0051" asserts="0" success="True" result="Success" executed="True" />
              <test-case description="Checks the Window AutoTuning Levels are set to Normal" name="PowerShell Networking Tests.Checks the Window AutoTuning Levels are set to Normal" time="0.8056" asserts="0" success="True" result="Success" executed="True" />
              <test-case description="Checks that ScalingHeristics are Disabled" name="PowerShell Networking Tests.Checks that ScalingHeristics are Disabled" time="0.0304" asserts="0" success="True" result="Success" executed="True" />
              <test-case description="Checks that ECN Capability is Disabled" name="PowerShell Networking Tests.Checks that ECN Capability is Disabled" time="0.0215" asserts="0" success="False" result="Failure" executed="True">
                <failure>
                  <message>Expected 'Disabled', but got Enabled.</message>
                  <stack-trace>at $_.ECNCapability | Should -Be 'Disabled', C:\Users\jimmy\Documents\PowerShell\Tests\System\Network.Tests.ps1:139
at &lt;ScriptBlock&gt;, C:\Users\jimmy\Documents\PowerShell\Tests\System\Network.Tests.ps1:139
at &lt;ScriptBlock&gt;, C:\Users\jimmy\Documents\PowerShell\Tests\System\Network.Tests.ps1:137</stack-trace>
                </failure>
              </test-case>
            </results>
          </test-suite>
        </results>
      </test-suite>
      <test-suite type="TestFixture" name="C:\Users\jimmy\Documents\PowerShell\Tests\System\PowerShell.Tests.ps1" executed="True" result="Failure" success="False" time="0.1725" asserts="0" description="C:\Users\jimmy\Documents\PowerShell\Tests\System\PowerShell.Tests.ps1">
        <results>
          <test-suite type="TestFixture" name="PowerShell Core Installation Checks" executed="True" result="Failure" success="False" time="0.0849" asserts="0" description="PowerShell Core Installation Checks">
            <results>
              <test-case description="Checks if PowerShell Core Stable Version is installed" name="PowerShell Core Installation Checks.Checks if PowerShell Core Stable Version is installed" time="0.0118" asserts="0" success="True" result="Success" executed="True" />
              <test-case description="Checks if Installed Stable PowerShell Core Version is 7+" name="PowerShell Core Installation Checks.Checks if Installed Stable PowerShell Core Version is 7+" time="0.008" asserts="0" success="True" result="Success" executed="True" />
              <test-case description="Checks if PowerShell Core Preview Version is installed" name="PowerShell Core Installation Checks.Checks if PowerShell Core Preview Version is installed" time="0.0045" asserts="0" success="True" result="Success" executed="True" />
              <test-case description="Checks if Installed Preview PowerShell Core Version is correct" name="PowerShell Core Installation Checks.Checks if Installed Preview PowerShell Core Version is correct" time="0.0315" asserts="0" success="False" result="Failure" executed="True">
                <failure>
                  <message>Expected strings to be the same, but they were different.
String lengths are both 5.
Strings differ at index 2.
Expected: '7.6.0'
But was:  '7.7.0'
           --^</message>
                  <stack-trace>at $psPreviewVersion | Should -BeExactly $psPreviewExpectedVersion, C:\Users\jimmy\Documents\PowerShell\Tests\System\PowerShell.Tests.ps1:40
at &lt;ScriptBlock&gt;, C:\Users\jimmy\Documents\PowerShell\Tests\System\PowerShell.Tests.ps1:40</stack-trace>
                </failure>
              </test-case>
              <test-case description="Checks that Stable PowerShell Installed Executable is on system PATH" name="PowerShell Core Installation Checks.Checks that Stable PowerShell Installed Executable is on system PATH" time="0.0058" asserts="0" success="True" result="Success" executed="True" />
              <test-case description="Checks that Preview PowerShell Installed Executable is on system PATH" name="PowerShell Core Installation Checks.Checks that Preview PowerShell Installed Executable is on system PATH" time="0.0046" asserts="0" success="True" result="Success" executed="True" />
            </results>
          </test-suite>
        </results>
      </test-suite>
      <test-suite type="TestFixture" name="C:\Users\jimmy\Documents\PowerShell\Tests\System\Registry.Tests.ps1" executed="True" result="Success" success="True" time="0.1178" asserts="0" description="C:\Users\jimmy\Documents\PowerShell\Tests\System\Registry.Tests.ps1">
        <results>
          <test-suite type="TestFixture" name="Windows Registry Configuration" executed="True" result="Success" success="True" time="0.0195" asserts="0" description="Windows Registry Configuration">
            <results>
              <test-case description="Checks that Windows Update registry path exists" name="Windows Registry Configuration.Checks that Windows Update registry path exists" time="0.005" asserts="0" success="True" result="Success" executed="True" />
              <test-case description="Checks that automatic updates are enabled" name="Windows Registry Configuration.Checks that automatic updates are enabled" time="0.0094" asserts="0" success="True" result="Success" executed="True" />
            </results>
          </test-suite>
          <test-suite type="TestFixture" name="Registry Tweaks" executed="True" result="Success" success="True" time="0.0332" asserts="0" description="Registry Tweaks">
            <results>
              <test-case description="ShowsSecondsInTaskbar" name="Registry Tweaks.ShowsSecondsInTaskbar" time="0.0073" asserts="0" success="True" result="Success" executed="True" />
            </results>
          </test-suite>
        </results>
      </test-suite>
      <test-suite type="TestFixture" name="C:\Users\jimmy\Documents\PowerShell\Tests\System\SSH.Tests.ps1" executed="True" result="Failure" success="False" time="0.7232" asserts="0" description="C:\Users\jimmy\Documents\PowerShell\Tests\System\SSH.Tests.ps1">
        <results>
          <test-suite type="TestFixture" name="Testing SSH Configuration and Keys" executed="True" result="Failure" success="False" time="0.2016" asserts="0" description="Testing SSH Configuration and Keys">
            <results>
              <test-case description="Checks ssh command is available" name="Testing SSH Configuration and Keys.Checks ssh command is available" time="0.0508" asserts="0" success="True" result="Success" executed="True" />
              <test-case description="Checks that the SSH Agent is running" name="Testing SSH Configuration and Keys.Checks that the SSH Agent is running" time="0.0156" asserts="0" success="False" result="Failure" executed="True">
                <failure>
                  <message>Expected 'Running', but got Stopped.</message>
                  <stack-trace>at (Get-Service -Name ssh-agent).Status | Should -Be 'Running', C:\Users\jimmy\Documents\PowerShell\Tests\System\SSH.Tests.ps1:56
at &lt;ScriptBlock&gt;, C:\Users\jimmy\Documents\PowerShell\Tests\System\SSH.Tests.ps1:56</stack-trace>
                </failure>
              </test-case>
              <test-case description="Checks ssh-agent service is set to Automatic" name="Testing SSH Configuration and Keys.Checks ssh-agent service is set to Automatic" time="0.0119" asserts="0" success="False" result="Failure" executed="True">
                <failure>
                  <message>Expected 'Automatic', but got Disabled.</message>
                  <stack-trace>at (Get-Service -Name ssh-agent).StartType | Should -Be 'Automatic', C:\Users\jimmy\Documents\PowerShell\Tests\System\SSH.Tests.ps1:60
at &lt;ScriptBlock&gt;, C:\Users\jimmy\Documents\PowerShell\Tests\System\SSH.Tests.ps1:60</stack-trace>
                </failure>
              </test-case>
              <test-case description="Checks that the SSH directory exists" name="Testing SSH Configuration and Keys.Checks that the SSH directory exists" time="0.0067" asserts="0" success="True" result="Success" executed="True" />
              <test-case description="Checks that the SSH config file exists" name="Testing SSH Configuration and Keys.Checks that the SSH config file exists" time="0.0048" asserts="0" success="True" result="Success" executed="True" />
              <test-case description="Checks that the RSA keys exist" name="Testing SSH Configuration and Keys.Checks that the RSA keys exist" time="0.0136" asserts="0" success="True" result="Success" executed="True" />
              <test-case description="Checks that the ECDSA keys exist" name="Testing SSH Configuration and Keys.Checks that the ECDSA keys exist" time="0.0056" asserts="0" success="True" result="Success" executed="True" />
              <test-case description="Checks that the RSA keys are not empty" name="Testing SSH Configuration and Keys.Checks that the RSA keys are not empty" time="0.041" asserts="0" success="False" result="Failure" executed="True">
                <failure>
                  <message>Expected $true, but got $false.</message>
                  <stack-trace>at Test-SSHKey -Key $_.Name | Should -Be $true, C:\Users\jimmy\Documents\PowerShell\Tests\System\SSH.Tests.ps1:81
at &lt;ScriptBlock&gt;, C:\Users\jimmy\Documents\PowerShell\Tests\System\SSH.Tests.ps1:81
at &lt;ScriptBlock&gt;, C:\Users\jimmy\Documents\PowerShell\Tests\System\SSH.Tests.ps1:80</stack-trace>
                </failure>
              </test-case>
              <test-case description="Checks that the ECDSA keys are not empty" name="Testing SSH Configuration and Keys.Checks that the ECDSA keys are not empty" time="0.0127" asserts="0" success="False" result="Failure" executed="True">
                <failure>
                  <message>Expected $true, but got $false.</message>
                  <stack-trace>at Test-SSHKey -Key $_.Name | Should -Be $true, C:\Users\jimmy\Documents\PowerShell\Tests\System\SSH.Tests.ps1:87
at &lt;ScriptBlock&gt;, C:\Users\jimmy\Documents\PowerShell\Tests\System\SSH.Tests.ps1:87
at &lt;ScriptBlock&gt;, C:\Users\jimmy\Documents\PowerShell\Tests\System\SSH.Tests.ps1:86</stack-trace>
                </failure>
              </test-case>
              <test-case description="Checks that the SSH config file is not empty" name="Testing SSH Configuration and Keys.Checks that the SSH config file is not empty" time="0.0048" asserts="0" success="True" result="Success" executed="True" />
              <test-case description="Checks that the SSH config file contains the correct permissions" name="Testing SSH Configuration and Keys.Checks that the SSH config file contains the correct permissions" time="0.0212" asserts="0" success="True" result="Success" executed="True" />
            </results>
          </test-suite>
          <test-suite type="TestFixture" name="GitHub SSH Checks" executed="True" result="Failure" success="False" time="0.6108" asserts="0" description="GitHub SSH Checks">
            <results>
              <test-case description="Checks can connect to github via ssh" name="GitHub SSH Checks.Checks can connect to github via ssh" time="0.4057" asserts="0" success="False" result="Failure" executed="True">
                <failure>
                  <message>Expected 1, but got 255.</message>
                  <stack-trace>at $LASTEXITCODE | Should -Be 1, C:\Users\jimmy\Documents\PowerShell\Tests\System\SSH.Tests.ps1:109
at &lt;ScriptBlock&gt;, C:\Users\jimmy\Documents\PowerShell\Tests\System\SSH.Tests.ps1:109</stack-trace>
                </failure>
              </test-case>
            </results>
          </test-suite>
        </results>
      </test-suite>
      <test-suite type="TestFixture" name="C:\Users\jimmy\Documents\PowerShell\Tests\System\VSCode.Tests.ps1" executed="True" result="Success" success="True" time="1.6776" asserts="0" description="C:\Users\jimmy\Documents\PowerShell\Tests\System\VSCode.Tests.ps1">
        <results>
          <test-suite type="TestFixture" name="Visual Studio Code Installation and Configuration" executed="True" result="Success" success="True" time="1.5969" asserts="0" description="Visual Studio Code Installation and Configuration">
            <results>
              <test-case description="Checks that Visual Studio Code is installed" name="Visual Studio Code Installation and Configuration.Checks that Visual Studio Code is installed" time="0.0035" asserts="0" success="True" result="Success" executed="True" />
              <test-case description="Checks that the settings.json file exists" name="Visual Studio Code Installation and Configuration.Checks that the settings.json file exists" time="0.003" asserts="0" success="True" result="Success" executed="True" />
              <test-case description="Checks that the extensions directory exists" name="Visual Studio Code Installation and Configuration.Checks that the extensions directory exists" time="0.0044" asserts="0" success="True" result="Success" executed="True" />
              <test-case description="Checks that the PowerShell extension is installed" name="Visual Studio Code Installation and Configuration.Checks that the PowerShell extension is installed" time="1.5776" asserts="0" success="True" result="Success" executed="True" />
            </results>
          </test-suite>
        </results>
      </test-suite>
      <test-suite type="TestFixture" name="C:\Users\jimmy\Documents\PowerShell\Tests\System\Windows.OptionalFeatures.Tests.ps1" executed="True" result="Failure" success="False" time="0.1348" asserts="0" description="C:\Users\jimmy\Documents\PowerShell\Tests\System\Windows.OptionalFeatures.Tests.ps1">
        <results>
          <test-suite type="TestFixture" name="Verify Windows Optional Features Status" executed="True" result="Failure" success="False" time="0.0562" asserts="0" description="Verify Windows Optional Features Status">
            <results>
              <test-suite type="ParameterizedTest" name="Verify Windows Optional Features Status.Verifies Windows Feature '&lt;FeatureName&gt;' Should be '&lt;Enabled&gt;'" executed="True" result="Failure" success="False" time="0.0503" asserts="0" description="Verifies Windows Feature '&lt;FeatureName&gt;' Should be '&lt;Enabled&gt;'">
                <results>
                  <test-case description="Verifies Windows Feature 'Microsoft-Hyper-V-All' Should be 'True'" name="Verify Windows Optional Features Status.Verifies Windows Feature 'Microsoft-Hyper-V-All' Should be 'True'" time="0.0193" asserts="0" success="False" result="Failure" executed="True">
                    <failure>
                      <message>RuntimeException: The requested operation requires elevation. Please run this script as an administrator.</message>
                      <stack-trace>at &lt;ScriptBlock&gt;, C:\Users\jimmy\Documents\PowerShell\Tests\System\Windows.OptionalFeatures.Tests.ps1:56</stack-trace>
                    </failure>
                  </test-case>
                  <test-case description="Verifies Windows Feature 'Microsoft-Windows-Subsystem-Linux' Should be 'True'" name="Verify Windows Optional Features Status.Verifies Windows Feature 'Microsoft-Windows-Subsystem-Linux' Should be 'True'" time="0.0059" asserts="0" success="False" result="Failure" executed="True">
                    <failure>
                      <message>RuntimeException: The requested operation requires elevation. Please run this script as an administrator.</message>
                      <stack-trace>at &lt;ScriptBlock&gt;, C:\Users\jimmy\Documents\PowerShell\Tests\System\Windows.OptionalFeatures.Tests.ps1:56</stack-trace>
                    </failure>
                  </test-case>
                  <test-case description="Verifies Windows Feature 'Microsoft-Windows-Subsystem-Linux-All' Should be 'True'" name="Verify Windows Optional Features Status.Verifies Windows Feature 'Microsoft-Windows-Subsystem-Linux-All' Should be 'True'" time="0.0095" asserts="0" success="False" result="Failure" executed="True">
                    <failure>
                      <message>RuntimeException: The requested operation requires elevation. Please run this script as an administrator.</message>
                      <stack-trace>at &lt;ScriptBlock&gt;, C:\Users\jimmy\Documents\PowerShell\Tests\System\Windows.OptionalFeatures.Tests.ps1:56</stack-trace>
                    </failure>
                  </test-case>
                  <test-case description="Verifies Windows Feature 'Microsoft-Windows-Subsystem-Linux-WslOptionalFeature' Should be 'True'" name="Verify Windows Optional Features Status.Verifies Windows Feature 'Microsoft-Windows-Subsystem-Linux-WslOptionalFeature' Should be 'True'" time="0.0068" asserts="0" success="False" result="Failure" executed="True">
                    <failure>
                      <message>RuntimeException: The requested operation requires elevation. Please run this script as an administrator.</message>
                      <stack-trace>at &lt;ScriptBlock&gt;, C:\Users\jimmy\Documents\PowerShell\Tests\System\Windows.OptionalFeatures.Tests.ps1:56</stack-trace>
                    </failure>
                  </test-case>
                  <test-case description="Verifies Windows Feature 'SearchEngine-Client-Package' Should be 'True'" name="Verify Windows Optional Features Status.Verifies Windows Feature 'SearchEngine-Client-Package' Should be 'True'" time="0.0045" asserts="0" success="False" result="Failure" executed="True">
                    <failure>
                      <message>RuntimeException: The requested operation requires elevation. Please run this script as an administrator.</message>
                      <stack-trace>at &lt;ScriptBlock&gt;, C:\Users\jimmy\Documents\PowerShell\Tests\System\Windows.OptionalFeatures.Tests.ps1:56</stack-trace>
                    </failure>
                  </test-case>
                  <test-case description="Verifies Windows Feature 'HypervisorPlatform' Should be 'True'" name="Verify Windows Optional Features Status.Verifies Windows Feature 'HypervisorPlatform' Should be 'True'" time="0.0043" asserts="0" success="False" result="Failure" executed="True">
                    <failure>
                      <message>RuntimeException: The requested operation requires elevation. Please run this script as an administrator.</message>
                      <stack-trace>at &lt;ScriptBlock&gt;, C:\Users\jimmy\Documents\PowerShell\Tests\System\Windows.OptionalFeatures.Tests.ps1:56</stack-trace>
                    </failure>
                  </test-case>
                </results>
              </test-suite>
            </results>
          </test-suite>
        </results>
      </test-suite>
      <test-suite type="TestFixture" name="C:\Users\jimmy\Documents\PowerShell\Tests\System\WindowsTerminal.Tests.ps1" executed="True" result="Success" success="True" time="0.106" asserts="0" description="C:\Users\jimmy\Documents\PowerShell\Tests\System\WindowsTerminal.Tests.ps1">
        <results>
          <test-suite type="TestFixture" name="Windows Terminal Installation and Configuration" executed="True" result="Success" success="True" time="0.0328" asserts="0" description="Windows Terminal Installation and Configuration">
            <results>
              <test-case description="Checks that Windows Terminal is installed" name="Windows Terminal Installation and Configuration.Checks that Windows Terminal is installed" time="0.0052" asserts="0" success="True" result="Success" executed="True" />
              <test-case description="Checks that the settings.json file exists" name="Windows Terminal Installation and Configuration.Checks that the settings.json file exists" time="0.0047" asserts="0" success="True" result="Success" executed="True" />
              <test-case description="Checks that the settings.json file is not empty" name="Windows Terminal Installation and Configuration.Checks that the settings.json file is not empty" time="0.0082" asserts="0" success="True" result="Success" executed="True" />
              <test-case description="Checks that the default profile is set to PowerShell" name="Windows Terminal Installation and Configuration.Checks that the default profile is set to PowerShell" time="0.0107" asserts="0" success="True" result="Success" executed="True" />
            </results>
          </test-suite>
        </results>
      </test-suite>
      <test-suite type="TestFixture" name="C:\Users\jimmy\Documents\PowerShell\Tests\System\WSL.Tests.ps1" executed="True" result="Success" success="True" time="0.229" asserts="0" description="C:\Users\jimmy\Documents\PowerShell\Tests\System\WSL.Tests.ps1">
        <results>
          <test-suite type="TestFixture" name="WSL Installation and Configuration" executed="True" result="Success" success="True" time="0.1556" asserts="0" description="WSL Installation and Configuration">
            <results>
              <test-case description="Checks that WSL is installed" name="WSL Installation and Configuration.Checks that WSL is installed" time="0.0044" asserts="0" success="True" result="Success" executed="True" />
              <test-case description="Checks that WSL version 2 is installed" name="WSL Installation and Configuration.Checks that WSL version 2 is installed" time="0.0787" asserts="0" success="True" result="Success" executed="True" />
              <test-case description="Checks that at least one Linux distribution is installed" name="WSL Installation and Configuration.Checks that at least one Linux distribution is installed" time="0.0664" asserts="0" success="True" result="Success" executed="True" />
            </results>
          </test-suite>
        </results>
      </test-suite>
      <test-suite type="TestFixture" name="C:\Users\jimmy\Documents\PowerShell\Tests\Profile\Completions.Tests.ps1" executed="True" result="Failure" success="False" time="86.4545" asserts="0" description="C:\Users\jimmy\Documents\PowerShell\Tests\Profile\Completions.Tests.ps1">
        <results>
          <test-suite type="TestFixture" name="Profile Completion Scripts" executed="True" result="Success" success="True" time="0.5043" asserts="0" description="Profile Completion Scripts">
            <results>
              <test-suite type="TestFixture" name="Profile Completion Scripts.Discovery" executed="True" result="Success" success="True" time="0.0174" asserts="0" description="Profile Completion Scripts.Discovery">
                <results>
                  <test-case description="finds completion scripts under Source/Completions" name="Profile Completion Scripts.Discovery.finds completion scripts under Source/Completions" time="0.0118" asserts="0" success="True" result="Success" executed="True" />
                </results>
              </test-suite>
              <test-suite type="TestFixture" name="Profile Completion Scripts.Static Validation" executed="True" result="Success" success="True" time="0.4998" asserts="0" description="Profile Completion Scripts.Static Validation">
                <results>
                  <test-suite type="ParameterizedTest" name="Profile Completion Scripts.Static Validation.script &lt;Name&gt; parses without syntax errors" executed="True" result="Success" success="True" time="0.2184" asserts="0" description="script &lt;Name&gt; parses without syntax errors">
                    <results>
                      <test-case description="script aichat.completion.ps1 parses without syntax errors" name="Profile Completion Scripts.Static Validation.script aichat.completion.ps1 parses without syntax errors" time="0.0213" asserts="0" success="True" result="Success" executed="True" />
                      <test-case description="script aws.completion.ps1 parses without syntax errors" name="Profile Completion Scripts.Static Validation.script aws.completion.ps1 parses without syntax errors" time="0.0042" asserts="0" success="True" result="Success" executed="True" />
                      <test-case description="script az.completion.ps1 parses without syntax errors" name="Profile Completion Scripts.Static Validation.script az.completion.ps1 parses without syntax errors" time="0.0043" asserts="0" success="True" result="Success" executed="True" />
                      <test-case description="script azd.completion.ps1 parses without syntax errors" name="Profile Completion Scripts.Static Validation.script azd.completion.ps1 parses without syntax errors" time="0.0048" asserts="0" success="True" result="Success" executed="True" />
                      <test-case description="script chocolatey.completion.ps1 parses without syntax errors" name="Profile Completion Scripts.Static Validation.script chocolatey.completion.ps1 parses without syntax errors" time="0.0046" asserts="0" success="True" result="Success" executed="True" />
                      <test-case description="script docker.completion.ps1 parses without syntax errors" name="Profile Completion Scripts.Static Validation.script docker.completion.ps1 parses without syntax errors" time="0.0046" asserts="0" success="True" result="Success" executed="True" />
                      <test-case description="script dotnet.completion.ps1 parses without syntax errors" name="Profile Completion Scripts.Static Validation.script dotnet.completion.ps1 parses without syntax errors" time="0.0042" asserts="0" success="True" result="Success" executed="True" />
                      <test-case description="script envio.completion.ps1 parses without syntax errors" name="Profile Completion Scripts.Static Validation.script envio.completion.ps1 parses without syntax errors" time="0.0106" asserts="0" success="True" result="Success" executed="True" />
                      <test-case description="script ffsend.completion.ps1 parses without syntax errors" name="Profile Completion Scripts.Static Validation.script ffsend.completion.ps1 parses without syntax errors" time="0.0082" asserts="0" success="True" result="Success" executed="True" />
                      <test-case description="script gdal.completion.ps1 parses without syntax errors" name="Profile Completion Scripts.Static Validation.script gdal.completion.ps1 parses without syntax errors" time="0.0053" asserts="0" success="True" result="Success" executed="True" />
                      <test-case description="script gh.completion.ps1 parses without syntax errors" name="Profile Completion Scripts.Static Validation.script gh.completion.ps1 parses without syntax errors" time="0.0057" asserts="0" success="True" result="Success" executed="True" />
                      <test-case description="script git-cliff.completion.ps1 parses without syntax errors" name="Profile Completion Scripts.Static Validation.script git-cliff.completion.ps1 parses without syntax errors" time="0.0049" asserts="0" success="True" result="Success" executed="True" />
                      <test-case description="script gk.completion.ps1 parses without syntax errors" name="Profile Completion Scripts.Static Validation.script gk.completion.ps1 parses without syntax errors" time="0.0129" asserts="0" success="True" result="Success" executed="True" />
                      <test-case description="script obsidian-cli.completion.ps1 parses without syntax errors" name="Profile Completion Scripts.Static Validation.script obsidian-cli.completion.ps1 parses without syntax errors" time="0.0048" asserts="0" success="True" result="Success" executed="True" />
                      <test-case description="script oh-my-posh.completion.ps1 parses without syntax errors" name="Profile Completion Scripts.Static Validation.script oh-my-posh.completion.ps1 parses without syntax errors" time="0.0041" asserts="0" success="True" result="Success" executed="True" />
                      <test-case description="script pixi.completion.ps1 parses without syntax errors" name="Profile Completion Scripts.Static Validation.script pixi.completion.ps1 parses without syntax errors" time="0.0044" asserts="0" success="True" result="Success" executed="True" />
                      <test-case description="script rclone.completion.ps1 parses without syntax errors" name="Profile Completion Scripts.Static Validation.script rclone.completion.ps1 parses without syntax errors" time="0.0053" asserts="0" success="True" result="Success" executed="True" />
                      <test-case description="script rig.completion.ps1 parses without syntax errors" name="Profile Completion Scripts.Static Validation.script rig.completion.ps1 parses without syntax errors" time="0.0058" asserts="0" success="True" result="Success" executed="True" />
                      <test-case description="script rustup.completion.ps1 parses without syntax errors" name="Profile Completion Scripts.Static Validation.script rustup.completion.ps1 parses without syntax errors" time="0.0101" asserts="0" success="True" result="Success" executed="True" />
                      <test-case description="script s-search.completion.ps1 parses without syntax errors" name="Profile Completion Scripts.Static Validation.script s-search.completion.ps1 parses without syntax errors" time="0.0057" asserts="0" success="True" result="Success" executed="True" />
                      <test-case description="script scoop.completion.ps1 parses without syntax errors" name="Profile Completion Scripts.Static Validation.script scoop.completion.ps1 parses without syntax errors" time="0.0039" asserts="0" success="True" result="Success" executed="True" />
                      <test-case description="script spotify.completion.ps1 parses without syntax errors" name="Profile Completion Scripts.Static Validation.script spotify.completion.ps1 parses without syntax errors" time="0.0035" asserts="0" success="True" result="Success" executed="True" />
                      <test-case description="script uv.completion.ps1 parses without syntax errors" name="Profile Completion Scripts.Static Validation.script uv.completion.ps1 parses without syntax errors" time="0.0624" asserts="0" success="True" result="Success" executed="True" />
                      <test-case description="script volta.completion.ps1 parses without syntax errors" name="Profile Completion Scripts.Static Validation.script volta.completion.ps1 parses without syntax errors" time="0.0041" asserts="0" success="True" result="Success" executed="True" />
                      <test-case description="script winget.completion.ps1 parses without syntax errors" name="Profile Completion Scripts.Static Validation.script winget.completion.ps1 parses without syntax errors" time="0.0048" asserts="0" success="True" result="Success" executed="True" />
                      <test-case description="script yq.completion.ps1 parses without syntax errors" name="Profile Completion Scripts.Static Validation.script yq.completion.ps1 parses without syntax errors" time="0.0039" asserts="0" success="True" result="Success" executed="True" />
                    </results>
                  </test-suite>
                  <test-suite type="ParameterizedTest" name="Profile Completion Scripts.Static Validation.script &lt;Name&gt; includes help synopsis and link" executed="True" result="Success" success="True" time="0.2553" asserts="0" description="script &lt;Name&gt; includes help synopsis and link">
                    <results>
                      <test-case description="script aichat.completion.ps1 includes help synopsis and link" name="Profile Completion Scripts.Static Validation.script aichat.completion.ps1 includes help synopsis and link" time="0.0065" asserts="0" success="True" result="Success" executed="True" />
                      <test-case description="script aws.completion.ps1 includes help synopsis and link" name="Profile Completion Scripts.Static Validation.script aws.completion.ps1 includes help synopsis and link" time="0.0042" asserts="0" success="True" result="Success" executed="True" />
                      <test-case description="script az.completion.ps1 includes help synopsis and link" name="Profile Completion Scripts.Static Validation.script az.completion.ps1 includes help synopsis and link" time="0.0061" asserts="0" success="True" result="Success" executed="True" />
                      <test-case description="script azd.completion.ps1 includes help synopsis and link" name="Profile Completion Scripts.Static Validation.script azd.completion.ps1 includes help synopsis and link" time="0.0268" asserts="0" success="True" result="Success" executed="True" />
                      <test-case description="script chocolatey.completion.ps1 includes help synopsis and link" name="Profile Completion Scripts.Static Validation.script chocolatey.completion.ps1 includes help synopsis and link" time="0.0042" asserts="0" success="True" result="Success" executed="True" />
                      <test-case description="script docker.completion.ps1 includes help synopsis and link" name="Profile Completion Scripts.Static Validation.script docker.completion.ps1 includes help synopsis and link" time="0.0051" asserts="0" success="True" result="Success" executed="True" />
                      <test-case description="script dotnet.completion.ps1 includes help synopsis and link" name="Profile Completion Scripts.Static Validation.script dotnet.completion.ps1 includes help synopsis and link" time="0.0059" asserts="0" success="True" result="Success" executed="True" />
                      <test-case description="script envio.completion.ps1 includes help synopsis and link" name="Profile Completion Scripts.Static Validation.script envio.completion.ps1 includes help synopsis and link" time="0.0063" asserts="0" success="True" result="Success" executed="True" />
                      <test-case description="script ffsend.completion.ps1 includes help synopsis and link" name="Profile Completion Scripts.Static Validation.script ffsend.completion.ps1 includes help synopsis and link" time="0.0105" asserts="0" success="True" result="Success" executed="True" />
                      <test-case description="script gdal.completion.ps1 includes help synopsis and link" name="Profile Completion Scripts.Static Validation.script gdal.completion.ps1 includes help synopsis and link" time="0.0062" asserts="0" success="True" result="Success" executed="True" />
                      <test-case description="script gh.completion.ps1 includes help synopsis and link" name="Profile Completion Scripts.Static Validation.script gh.completion.ps1 includes help synopsis and link" time="0.0072" asserts="0" success="True" result="Success" executed="True" />
                      <test-case description="script git-cliff.completion.ps1 includes help synopsis and link" name="Profile Completion Scripts.Static Validation.script git-cliff.completion.ps1 includes help synopsis and link" time="0.0076" asserts="0" success="True" result="Success" executed="True" />
                      <test-case description="script gk.completion.ps1 includes help synopsis and link" name="Profile Completion Scripts.Static Validation.script gk.completion.ps1 includes help synopsis and link" time="0.0052" asserts="0" success="True" result="Success" executed="True" />
                      <test-case description="script obsidian-cli.completion.ps1 includes help synopsis and link" name="Profile Completion Scripts.Static Validation.script obsidian-cli.completion.ps1 includes help synopsis and link" time="0.0053" asserts="0" success="True" result="Success" executed="True" />
                      <test-case description="script oh-my-posh.completion.ps1 includes help synopsis and link" name="Profile Completion Scripts.Static Validation.script oh-my-posh.completion.ps1 includes help synopsis and link" time="0.0065" asserts="0" success="True" result="Success" executed="True" />
                      <test-case description="script pixi.completion.ps1 includes help synopsis and link" name="Profile Completion Scripts.Static Validation.script pixi.completion.ps1 includes help synopsis and link" time="0.0061" asserts="0" success="True" result="Success" executed="True" />
                      <test-case description="script rclone.completion.ps1 includes help synopsis and link" name="Profile Completion Scripts.Static Validation.script rclone.completion.ps1 includes help synopsis and link" time="0.009" asserts="0" success="True" result="Success" executed="True" />
                      <test-case description="script rig.completion.ps1 includes help synopsis and link" name="Profile Completion Scripts.Static Validation.script rig.completion.ps1 includes help synopsis and link" time="0.0071" asserts="0" success="True" result="Success" executed="True" />
                      <test-case description="script rustup.completion.ps1 includes help synopsis and link" name="Profile Completion Scripts.Static Validation.script rustup.completion.ps1 includes help synopsis and link" time="0.008" asserts="0" success="True" result="Success" executed="True" />
                      <test-case description="script s-search.completion.ps1 includes help synopsis and link" name="Profile Completion Scripts.Static Validation.script s-search.completion.ps1 includes help synopsis and link" time="0.0044" asserts="0" success="True" result="Success" executed="True" />
                      <test-case description="script scoop.completion.ps1 includes help synopsis and link" name="Profile Completion Scripts.Static Validation.script scoop.completion.ps1 includes help synopsis and link" time="0.0054" asserts="0" success="True" result="Success" executed="True" />
                      <test-case description="script spotify.completion.ps1 includes help synopsis and link" name="Profile Completion Scripts.Static Validation.script spotify.completion.ps1 includes help synopsis and link" time="0.0052" asserts="0" success="True" result="Success" executed="True" />
                      <test-case description="script uv.completion.ps1 includes help synopsis and link" name="Profile Completion Scripts.Static Validation.script uv.completion.ps1 includes help synopsis and link" time="0.081" asserts="0" success="True" result="Success" executed="True" />
                      <test-case description="script volta.completion.ps1 includes help synopsis and link" name="Profile Completion Scripts.Static Validation.script volta.completion.ps1 includes help synopsis and link" time="0.0047" asserts="0" success="True" result="Success" executed="True" />
                      <test-case description="script winget.completion.ps1 includes help synopsis and link" name="Profile Completion Scripts.Static Validation.script winget.completion.ps1 includes help synopsis and link" time="0.0048" asserts="0" success="True" result="Success" executed="True" />
                      <test-case description="script yq.completion.ps1 includes help synopsis and link" name="Profile Completion Scripts.Static Validation.script yq.completion.ps1 includes help synopsis and link" time="0.0061" asserts="0" success="True" result="Success" executed="True" />
                    </results>
                  </test-suite>
                </results>
              </test-suite>
            </results>
          </test-suite>
          <test-suite type="TestFixture" name="Profile Completion Scripts - Runtime Integration" executed="True" result="Failure" success="False" time="85.4632" asserts="0" description="Profile Completion Scripts - Runtime Integration">
            <results>
              <test-suite type="ParameterizedTest" name="Profile Completion Scripts - Runtime Integration.script &lt;Name&gt; should produce real completions for &lt;CommandName&gt;" executed="True" result="Failure" success="False" time="84.8033" asserts="0" description="script &lt;Name&gt; should produce real completions for &lt;CommandName&gt;">
                <results>
                  <test-case description="script aichat.completion.ps1 should produce real completions for aichat" name="Profile Completion Scripts - Runtime Integration.script aichat.completion.ps1 should produce real completions for aichat" time="1.7577" asserts="0" success="True" result="Success" executed="True" />
                  <test-case description="script aws.completion.ps1 should produce real completions for aws" name="Profile Completion Scripts - Runtime Integration.script aws.completion.ps1 should produce real completions for aws" time="3.9063" asserts="0" success="True" result="Success" executed="True" />
                  <test-case description="script az.completion.ps1 should produce real completions for az" name="Profile Completion Scripts - Runtime Integration.script az.completion.ps1 should produce real completions for az" time="33.8297" asserts="0" success="True" result="Success" executed="True" />
                  <test-case description="script azd.completion.ps1 should produce real completions for azd" name="Profile Completion Scripts - Runtime Integration.script azd.completion.ps1 should produce real completions for azd" time="6.0961" asserts="0" success="True" result="Success" executed="True" />
                  <test-case description="script chocolatey.completion.ps1 should produce real completions for choco" name="Profile Completion Scripts - Runtime Integration.script chocolatey.completion.ps1 should produce real completions for choco" time="1.2565" asserts="0" success="True" result="Success" executed="True" />
                  <test-case description="script docker.completion.ps1 should produce real completions for docker" name="Profile Completion Scripts - Runtime Integration.script docker.completion.ps1 should produce real completions for docker" time="1.3433" asserts="0" success="False" result="Failure" executed="True">
                    <failure>
                      <message>Expected the actual value to be greater than 0, because No completion candidates were returned., but got 0.</message>
                      <stack-trace>at $result.AfterMatchCount | Should -BeGreaterThan 0 -Because 'No completion candidates were returned.', C:\Users\jimmy\Documents\PowerShell\Tests\Profile\Completions.Tests.ps1:214
at &lt;ScriptBlock&gt;, C:\Users\jimmy\Documents\PowerShell\Tests\Profile\Completions.Tests.ps1:214</stack-trace>
                    </failure>
                  </test-case>
                  <test-case description="script dotnet.completion.ps1 should produce real completions for dotnet" name="Profile Completion Scripts - Runtime Integration.script dotnet.completion.ps1 should produce real completions for dotnet" time="2.2341" asserts="0" success="True" result="Success" executed="True" />
                  <test-case description="script envio.completion.ps1 should produce real completions for envio" name="Profile Completion Scripts - Runtime Integration.script envio.completion.ps1 should produce real completions for envio" time="0.7492" asserts="0" success="True" result="Success" executed="True" />
                  <test-case description="script ffsend.completion.ps1 should produce real completions for ffsend" name="Profile Completion Scripts - Runtime Integration.script ffsend.completion.ps1 should produce real completions for ffsend" time="1.0537" asserts="0" success="True" result="Success" executed="True" />
                  <test-case description="script gdal.completion.ps1 should produce real completions for gdal" name="Profile Completion Scripts - Runtime Integration.script gdal.completion.ps1 should produce real completions for gdal" time="4.1837" asserts="0" success="True" result="Success" executed="True" />
                  <test-case description="script gh.completion.ps1 should produce real completions for gh" name="Profile Completion Scripts - Runtime Integration.script gh.completion.ps1 should produce real completions for gh" time="1.9822" asserts="0" success="True" result="Success" executed="True" />
                  <test-case description="script git-cliff.completion.ps1 should produce real completions for git-cliff" name="Profile Completion Scripts - Runtime Integration.script git-cliff.completion.ps1 should produce real completions for git-cliff" time="0.8918" asserts="0" success="True" result="Success" executed="True" />
                  <test-case description="script gk.completion.ps1 should produce real completions for gk" name="Profile Completion Scripts - Runtime Integration.script gk.completion.ps1 should produce real completions for gk" time="1.5295" asserts="0" success="False" result="Failure" executed="True">
                    <failure>
                      <message>Expected the actual value to be greater than 0, because No completion candidates were returned., but got $null.</message>
                      <stack-trace>at $result.AfterMatchCount | Should -BeGreaterThan 0 -Because 'No completion candidates were returned.', C:\Users\jimmy\Documents\PowerShell\Tests\Profile\Completions.Tests.ps1:214
at &lt;ScriptBlock&gt;, C:\Users\jimmy\Documents\PowerShell\Tests\Profile\Completions.Tests.ps1:214</stack-trace>
                    </failure>
                  </test-case>
                  <test-case description="script obsidian-cli.completion.ps1 should produce real completions for obsidian-cli" name="Profile Completion Scripts - Runtime Integration.script obsidian-cli.completion.ps1 should produce real completions for obsidian-cli" time="2.1366" asserts="0" success="True" result="Success" executed="True" />
                  <test-case description="script oh-my-posh.completion.ps1 should produce real completions for oh-my-posh" name="Profile Completion Scripts - Runtime Integration.script oh-my-posh.completion.ps1 should produce real completions for oh-my-posh" time="1.7221" asserts="0" success="False" result="Failure" executed="True">
                    <failure>
                      <message>Expected the actual value to be greater than 0, because No completion candidates were returned., but got 0.</message>
                      <stack-trace>at $result.AfterMatchCount | Should -BeGreaterThan 0 -Because 'No completion candidates were returned.', C:\Users\jimmy\Documents\PowerShell\Tests\Profile\Completions.Tests.ps1:214
at &lt;ScriptBlock&gt;, C:\Users\jimmy\Documents\PowerShell\Tests\Profile\Completions.Tests.ps1:214</stack-trace>
                    </failure>
                  </test-case>
                  <test-case description="script pixi.completion.ps1 should produce real completions for pixi" name="Profile Completion Scripts - Runtime Integration.script pixi.completion.ps1 should produce real completions for pixi" time="2.1009" asserts="0" success="True" result="Success" executed="True" />
                  <test-case description="script rclone.completion.ps1 should produce real completions for rclone" name="Profile Completion Scripts - Runtime Integration.script rclone.completion.ps1 should produce real completions for rclone" time="4.6797" asserts="0" success="True" result="Success" executed="True" />
                  <test-case description="script rig.completion.ps1 should produce real completions for rig" name="Profile Completion Scripts - Runtime Integration.script rig.completion.ps1 should produce real completions for rig" time="1.1726" asserts="0" success="True" result="Success" executed="True" />
                  <test-case description="script rustup.completion.ps1 should produce real completions for rustup" name="Profile Completion Scripts - Runtime Integration.script rustup.completion.ps1 should produce real completions for rustup" time="1.1817" asserts="0" success="True" result="Success" executed="True" />
                  <test-case description="script s-search.completion.ps1 should produce real completions for s" name="Profile Completion Scripts - Runtime Integration.script s-search.completion.ps1 should produce real completions for s" time="2.8412" asserts="0" success="True" result="Success" executed="True" />
                  <test-case description="script scoop.completion.ps1 should produce real completions for scoop" name="Profile Completion Scripts - Runtime Integration.script scoop.completion.ps1 should produce real completions for scoop" time="1.2487" asserts="0" success="False" result="Failure" executed="True">
                    <failure>
                      <message>Expected the actual value to be greater than 0, because No completion candidates were returned., but got 0.</message>
                      <stack-trace>at $result.AfterMatchCount | Should -BeGreaterThan 0 -Because 'No completion candidates were returned.', C:\Users\jimmy\Documents\PowerShell\Tests\Profile\Completions.Tests.ps1:214
at &lt;ScriptBlock&gt;, C:\Users\jimmy\Documents\PowerShell\Tests\Profile\Completions.Tests.ps1:214</stack-trace>
                    </failure>
                  </test-case>
                  <test-case description="script spotify.completion.ps1 should produce real completions for spt" name="Profile Completion Scripts - Runtime Integration.script spotify.completion.ps1 should produce real completions for spt" time="0.0178" asserts="0" success="False" result="Ignored" executed="False" />
                  <test-case description="script uv.completion.ps1 should produce real completions for uv" name="Profile Completion Scripts - Runtime Integration.script uv.completion.ps1 should produce real completions for uv" time="1.2202" asserts="0" success="True" result="Success" executed="True" />
                  <test-case description="script volta.completion.ps1 should produce real completions for volta" name="Profile Completion Scripts - Runtime Integration.script volta.completion.ps1 should produce real completions for volta" time="1.0386" asserts="0" success="True" result="Success" executed="True" />
                  <test-case description="script winget.completion.ps1 should produce real completions for winget" name="Profile Completion Scripts - Runtime Integration.script winget.completion.ps1 should produce real completions for winget" time="2.3187" asserts="0" success="True" result="Success" executed="True" />
                  <test-case description="script yq.completion.ps1 should produce real completions for yq" name="Profile Completion Scripts - Runtime Integration.script yq.completion.ps1 should produce real completions for yq" time="2.3106" asserts="0" success="True" result="Success" executed="True" />
                </results>
              </test-suite>
              <test-suite type="ParameterizedTest" name="Profile Completion Scripts - Runtime Integration.script &lt;Name&gt; should map to a command for integration probing" executed="True" result="Success" success="True" time="0.1427" asserts="0" description="script &lt;Name&gt; should map to a command for integration probing">
                <results>
[...]
                </results>
              </test-suite>
              <test-suite type="TestFixture" name="Profile Performance.Completion Script Performance" executed="True" result="Success" success="True" time="0.1215" asserts="0" description="Profile Performance.Completion Script Performance">
                <results>
                  <test-case description="Large completion scripts should parse efficiently" name="Profile Performance.Completion Script Performance.Large completion scripts should parse efficiently" time="0.0644" asserts="0" success="True" result="Success" executed="True" />
                </results>
              </test-suite>
              <test-suite type="TestFixture" name="Profile Performance.Public Functions Performance" executed="True" result="Success" success="True" time="0.2106" asserts="0" description="Profile Performance.Public Functions Performance">
                <results>
                  <test-case description="Public function scripts should parse quickly" name="Profile Performance.Public Functions Performance.Public function scripts should parse quickly" time="0.0847" asserts="0" success="True" result="Success" executed="True" />
                </results>
              </test-suite>
            </results>
          </test-suite>
          <test-suite type="TestFixture" name="Profile Component Count Limits" executed="True" result="Failure" success="False" time="0.2681" asserts="0" description="Profile Component Count Limits">
            <results>
              <test-suite type="TestFixture" name="Profile Component Count Limits.Completion Scripts Count" executed="True" result="Success" success="True" time="0.0165" asserts="0" description="Profile Component Count Limits.Completion Scripts Count">
                <results>
                  <test-case description="Should not have excessive completion scripts" name="Profile Component Count Limits.Completion Scripts Count.Should not have excessive completion scripts" time="0.011" asserts="0" success="True" result="Success" executed="True" />
                </results>
              </test-suite>
              <test-suite type="TestFixture" name="Profile Component Count Limits.Public Functions Count" executed="True" result="Failure" success="False" time="0.0334" asserts="0" description="Profile Component Count Limits.Public Functions Count">
                <results>
                  <test-case description="Should not have excessive public functions" name="Profile Component Count Limits.Public Functions Count.Should not have excessive public functions" time="0.0128" asserts="0" success="False" result="Failure" executed="True">
                    <failure>
                      <message>Expected the actual value to be less than or equal to 50, because Too many functions can slow profile loading, but got 55.</message>
                      <stack-trace>at $FunctionCount | Should -BeLessOrEqual $script:MaxPublicFunctions -Because 'Too many functions can slow profile loading', C:\Users\jimmy\Documents\PowerShell\Tests\Profile\Profile.Performance.Tests.ps1:159
at &lt;ScriptBlock&gt;, C:\Users\jimmy\Documents\PowerShell\Tests\Profile\Profile.Performance.Tests.ps1:159</stack-trace>
                    </failure>
                  </test-case>
                </results>
              </test-suite>
              <test-suite type="TestFixture" name="Profile Component Count Limits.Configuration Files Count" executed="True" result="Success" success="True" time="0.0484" asserts="0" description="Profile Component Count Limits.Configuration Files Count">
                <results>
                  <test-case description="Should not have excessive configuration files" name="Profile Component Count Limits.Configuration Files Count.Should not have excessive configuration files" time="0.01" asserts="0" success="True" result="Success" executed="True" />
                </results>
              </test-suite>
            </results>
          </test-suite>
          <test-suite type="TestFixture" name="Profile File Sizes" executed="True" result="Success" success="True" time="0.3208" asserts="0" description="Profile File Sizes">
            <results>
              <test-suite type="TestFixture" name="Profile File Sizes.Profile Module Size" executed="True" result="Success" success="True" time="0.0148" asserts="0" description="Profile File Sizes.Profile Module Size">
                <results>
                  <test-case description="Profile.psm1 should not be excessively large" name="Profile File Sizes.Profile Module Size.Profile.psm1 should not be excessively large" time="0.0104" asserts="0" success="True" result="Success" executed="True" />
                </results>
              </test-suite>
              <test-suite type="TestFixture" name="Profile File Sizes.Completion Script Sizes" executed="True" result="Success" success="True" time="0.0275" asserts="0" description="Profile File Sizes.Completion Script Sizes">
                <results>
                  <test-case description="Completion scripts should not be excessively large" name="Profile File Sizes.Completion Script Sizes.Completion scripts should not be excessively large" time="0.0091" asserts="0" success="True" result="Success" executed="True" />
                </results>
              </test-suite>
              <test-suite type="TestFixture" name="Profile File Sizes.Function Script Sizes" executed="True" result="Success" success="True" time="0.0422" asserts="0" description="Profile File Sizes.Function Script Sizes">
                <results>
                  <test-case description="Public function scripts should not be excessively large" name="Profile File Sizes.Function Script Sizes.Public function scripts should not be excessively large" time="0.0107" asserts="0" success="True" result="Success" executed="True" />
                </results>
              </test-suite>
            </results>
          </test-suite>
        </results>
      </test-suite>
      <test-suite type="TestFixture" name="C:\Users\jimmy\Documents\PowerShell\Tests\Profile\Profile.Tests.ps1" executed="True" result="Success" success="True" time="0.4233" asserts="0" description="C:\Users\jimmy\Documents\PowerShell\Tests\Profile\Profile.Tests.ps1">
        <results>
          <test-suite type="TestFixture" name="Profile Structure" executed="True" result="Success" success="True" time="0.0982" asserts="0" description="Profile Structure">
            <results>
              <test-suite type="TestFixture" name="Profile Structure.Directory Structure" executed="True" result="Success" success="True" time="0.0503" asserts="0" description="Profile Structure.Directory Structure">
                <results>
                  <test-case description="Profile root directory should exist" name="Profile Structure.Directory Structure.Profile root directory should exist" time="0.0071" asserts="0" success="True" result="Success" executed="True" />
                  <test-case description="Source directory should exist" name="Profile Structure.Directory Structure.Source directory should exist" time="0.0052" asserts="0" success="True" result="Success" executed="True" />
                  <test-suite type="ParameterizedTest" name="Profile Structure.Directory Structure.Source/&lt;Directory&gt; should exist" executed="True" result="Success" success="True" time="0.0337" asserts="0" description="Source/&lt;Directory&gt; should exist">
                    <results>
                      <test-case description="Source/ should exist" name="Profile Structure.Directory Structure.Source/ should exist" time="0.008" asserts="0" success="True" result="Success" executed="True" />
                      <test-case description="Source/ should exist" name="Profile Structure.Directory Structure.Source/ should exist" time="0.0055" asserts="0" success="True" result="Success" executed="True" />
                      <test-case description="Source/ should exist" name="Profile Structure.Directory Structure.Source/ should exist" time="0.0053" asserts="0" success="True" result="Success" executed="True" />
                      <test-case description="Source/ should exist" name="Profile Structure.Directory Structure.Source/ should exist" time="0.0045" asserts="0" success="True" result="Success" executed="True" />
                      <test-case description="Source/ should exist" name="Profile Structure.Directory Structure.Source/ should exist" time="0.0048" asserts="0" success="True" result="Success" executed="True" />
                      <test-case description="Source/ should exist" name="Profile Structure.Directory Structure.Source/ should exist" time="0.0055" asserts="0" success="True" result="Success" executed="True" />
                    </results>
                  </test-suite>
                </results>
              </test-suite>
              <test-suite type="TestFixture" name="Profile Structure.Profile Files" executed="True" result="Success" success="True" time="0.075" asserts="0" description="Profile Structure.Profile Files">
                <results>
                  <test-case description="Profile.ps1 should exist in profile root" name="Profile Structure.Profile Files.Profile.ps1 should exist in profile root" time="0.0047" asserts="0" success="True" result="Success" executed="True" />
                  <test-case description="Profile.psm1 module should exist in Source" name="Profile Structure.Profile Files.Profile.psm1 module should exist in Source" time="0.0043" asserts="0" success="True" result="Success" executed="True" />
                  <test-case description="Profile.Configuration.psd1 should exist in Source" name="Profile Structure.Profile Files.Profile.Configuration.psd1 should exist in Source" time="0.0105" asserts="0" success="True" result="Success" executed="True" />
                </results>
              </test-suite>
              <test-suite type="TestFixture" name="Profile Structure.Profile Module Syntax" executed="True" result="Success" success="True" time="0.0926" asserts="0" description="Profile Structure.Profile Module Syntax">
                <results>
                  <test-case description="Profile.psm1 should have valid PowerShell syntax" name="Profile Structure.Profile Module Syntax.Profile.psm1 should have valid PowerShell syntax" time="0.0052" asserts="0" success="True" result="Success" executed="True" />
                  <test-case description="Profile.psm1 should have comment-based help" name="Profile Structure.Profile Module Syntax.Profile.psm1 should have comment-based help" time="0.0062" asserts="0" success="True" result="Success" executed="True" />
                </results>
              </test-suite>
            </results>
          </test-suite>
          <test-suite type="TestFixture" name="Configuration Files" executed="True" result="Success" success="True" time="0.2799" asserts="0" description="Configuration Files">
            <results>
              <test-suite type="TestFixture" name="Configuration Files.Configuration Directory" executed="True" result="Success" success="True" time="0.027" asserts="0" description="Configuration Files.Configuration Directory">
                <results>
                  <test-case description="Configuration directory should exist" name="Configuration Files.Configuration Directory.Configuration directory should exist" time="0.0107" asserts="0" success="True" result="Success" executed="True" />
                  <test-case description="Should have configuration files" name="Configuration Files.Configuration Directory.Should have configuration files" time="0.0047" asserts="0" success="True" result="Success" executed="True" />
                </results>
              </test-suite>
              <test-suite type="TestFixture" name="Configuration Files.Configuration File Syntax" executed="True" result="Success" success="True" time="0.1445" asserts="0" description="Configuration Files.Configuration File Syntax">
                <results>
                  <test-suite type="ParameterizedTest" name="Configuration Files.Configuration File Syntax.Config file &lt;_.Name&gt; should have valid PowerShell data syntax" executed="True" result="Success" success="True" time="0.0463" asserts="0" description="Config file &lt;_.Name&gt; should have valid PowerShell data syntax">
                    <results>
                      <test-case description="Config file Aliases.psd1 should have valid PowerShell data syntax" name="Configuration Files.Configuration File Syntax.Config file Aliases.psd1 should have valid PowerShell data syntax" time="0.0066" asserts="0" success="True" result="Success" executed="True" />
                      <test-case description="Config file Completions.psd1 should have valid PowerShell data syntax" name="Configuration Files.Configuration File Syntax.Config file Completions.psd1 should have valid PowerShell data syntax" time="0.0054" asserts="0" success="True" result="Success" executed="True" />
                      <test-case description="Config file DefaultParams.psd1 should have valid PowerShell data syntax" name="Configuration Files.Configuration File Syntax.Config file DefaultParams.psd1 should have valid PowerShell data syntax" time="0.0066" asserts="0" success="True" result="Success" executed="True" />
                      <test-case description="Config file DefenderExclusions.psd1 should have valid PowerShell data syntax" name="Configuration Files.Configuration File Syntax.Config file DefenderExclusions.psd1 should have valid PowerShell data syntax" time="0.0062" asserts="0" success="True" result="Success" executed="True" />
                      <test-case description="Config file FirewallRules.psd1 should have valid PowerShell data syntax" name="Configuration Files.Configuration File Syntax.Config file FirewallRules.psd1 should have valid PowerShell data syntax" time="0.0076" asserts="0" success="True" result="Success" executed="True" />
                      <test-case description="Config file Modules.psd1 should have valid PowerShell data syntax" name="Configuration Files.Configuration File Syntax.Config file Modules.psd1 should have valid PowerShell data syntax" time="0.0073" asserts="0" success="True" result="Success" executed="True" />
                      <test-case description="Config file PSReadLine.psd1 should have valid PowerShell data syntax" name="Configuration Files.Configuration File Syntax.Config file PSReadLine.psd1 should have valid PowerShell data syntax" time="0.0067" asserts="0" success="True" result="Success" executed="True" />
                    </results>
                  </test-suite>
                  <test-suite type="ParameterizedTest" name="Configuration Files.Configuration File Syntax.Config file &lt;_.Name&gt; should be importable as data" executed="True" result="Success" success="True" time="0.064" asserts="0" description="Config file &lt;_.Name&gt; should be importable as data">
                    <results>
                      <test-case description="Config file Aliases.psd1 should be importable as data" name="Configuration Files.Configuration File Syntax.Config file Aliases.psd1 should be importable as data" time="0.0294" asserts="0" success="True" result="Success" executed="True" />
                      <test-case description="Config file Completions.psd1 should be importable as data" name="Configuration Files.Configuration File Syntax.Config file Completions.psd1 should be importable as data" time="0.0074" asserts="0" success="True" result="Success" executed="True" />
                      <test-case description="Config file DefaultParams.psd1 should be importable as data" name="Configuration Files.Configuration File Syntax.Config file DefaultParams.psd1 should be importable as data" time="0.0051" asserts="0" success="True" result="Success" executed="True" />
                      <test-case description="Config file DefenderExclusions.psd1 should be importable as data" name="Configuration Files.Configuration File Syntax.Config file DefenderExclusions.psd1 should be importable as data" time="0.007" asserts="0" success="True" result="Success" executed="True" />
                      <test-case description="Config file FirewallRules.psd1 should be importable as data" name="Configuration Files.Configuration File Syntax.Config file FirewallRules.psd1 should be importable as data" time="0.005" asserts="0" success="True" result="Success" executed="True" />
                      <test-case description="Config file Modules.psd1 should be importable as data" name="Configuration Files.Configuration File Syntax.Config file Modules.psd1 should be importable as data" time="0.0052" asserts="0" success="True" result="Success" executed="True" />
                      <test-case description="Config file PSReadLine.psd1 should be importable as data" name="Configuration Files.Configuration File Syntax.Config file PSReadLine.psd1 should be importable as data" time="0.005" asserts="0" success="True" result="Success" executed="True" />
                    </results>
                  </test-suite>
                </results>
              </test-suite>
              <test-suite type="TestFixture" name="Configuration Files.Required Configuration Files" executed="True" result="Success" success="True" time="0.1705" asserts="0" description="Configuration Files.Required Configuration Files">
                <results>
                  <test-case description="Modules.psd1 should exist" name="Configuration Files.Required Configuration Files.Modules.psd1 should exist" time="0.0047" asserts="0" success="True" result="Success" executed="True" />
                  <test-case description="Aliases.psd1 should exist" name="Configuration Files.Required Configuration Files.Aliases.psd1 should exist" time="0.0053" asserts="0" success="True" result="Success" executed="True" />
                  <test-case description="Completions.psd1 should exist" name="Configuration Files.Required Configuration Files.Completions.psd1 should exist" time="0.0057" asserts="0" success="True" result="Success" executed="True" />
                </results>
              </test-suite>
            </results>
          </test-suite>
          <test-suite type="TestFixture" name="Profile Configuration Data" executed="True" result="Success" success="True" time="0.3223" asserts="0" description="Profile Configuration Data">
            <results>
              <test-suite type="TestFixture" name="Profile Configuration Data.Profile.Configuration.psd1 Structure" executed="True" result="Success" success="True" time="0.0375" asserts="0" description="Profile Configuration Data.Profile.Configuration.psd1 Structure">
                <results>
                  <test-case description="Should be importable" name="Profile Configuration Data.Profile.Configuration.psd1 Structure.Should be importable" time="0.0097" asserts="0" success="True" result="Success" executed="True" />
                  <test-case description="Should have Settings key" name="Profile Configuration Data.Profile.Configuration.psd1 Structure.Should have Settings key" time="0.0059" asserts="0" success="True" result="Success" executed="True" />
                  <test-case description="Should have Components key" name="Profile Configuration Data.Profile.Configuration.psd1 Structure.Should have Components key" time="0.0038" asserts="0" success="True" result="Success" executed="True" />
                  <test-case description="Settings should define component order" name="Profile Configuration Data.Profile.Configuration.psd1 Structure.Settings should define component order" time="0.0138" asserts="0" success="True" result="Success" executed="True" />
                </results>
              </test-suite>
            </results>
          </test-suite>
        </results>
      </test-suite>
    </results>
  </test-suite>
</test-results>